$title=3 Count Bout
$samplerate=22050
$pre=07
$stop=03
$start
02 Neo Geo Logo
39 The 100 Mega Shock!
21 Fire Suplex (Title)
42 Come on, you bastard! (Game Start)
41 How to Play (Demonstration)
35 Good Choice (Game Mode Select)
22 "Fire Muscle" Macho Man (Stage 1, 3, 5, 7, 9)
32 Dark Free Fall (Stage 2)
26 "Fighting Spirit" Mountain Guy (Stage 4)
23 Dirty Mexican Wall (Stage 6)
27 Burning Super Megaton Kick (Stage 8)
33 Terrible Master Barnes (Final Stage)
2e Theme of The Gandhara
36 Theme of Leo Bradlay
2d Theme of The Red Dragon
2f Theme of Gochack Bigbomb
2b Theme of Terry Rogers
30 Theme of Blues Hablam
2c Theme of Roy Wilson
37 Theme of Big Bomberder
38 Theme of Blubber Man
31 Theme of Master Barnes
25 Daaah! (Win)
2a Shit! (Loss)
34 Oooaaarrrg! (Here Comes a New Player)
29 End of Bout (Game Over)
28 My Dear Wrestling (Ending)
$end
