$title=Art of Fighting 3
$samplerate=22050
$pre=07
$stop=03
$start
02 Neo Geo Logo
21 Back Fight Again (Theme of Art of Fighting)
30 Player Select
34 Here Comes A New Challenger
31 Start Demo (Day 1 - Day 8)
37 Get High Prelude
23 Get High (Theme of Ryo)
24 Get High (Rare Groove Mix)
25 Get High (B-Mix)
26 Get High (Goa Trance)
3b Ultimate K.O.
2f Clear
32 Traveler
38 Mojo Prelude
27 Mojo (Theme of Robert)
28 Mojo (Mojo Boogie)
2a Mojo (Mojo Ramble)
2d Stone in Santana (Bass Groove)
2e Cihco de Mayo
36 Muzika Jungle Prelude
2b Muzika Jungle (Theme of ?? - Edition 1)
2c Muzika Jungle (Theme of ?? - Edition 2)
22 Liberation Hallucination (Piano Ver.)
35 Liberation Hallucination (Theme of Freia)
33 Con-Tin-Ue
3c GAME Over Over Over
$end
