$title=King of the Monsters
$samplerate=22050
$pre=07
$stop=03
$start
02 Neo Geo Logo
25 King of the Monsters (Opening Demo)
24 Fated City (Title)
23 Select Monster
21 Entirely Breaker (Theme of Geon)
28 Prayer of Madness (Theme of Woo)
2b Wet Dance (Theme of Poison Ghost)
26 Pulluted Zone (Stage Clear)
2e Pyramid Power (Theme of Rocky)
31 Like a Beetle (Theme of Beetle Mania)
34 Ugly Hero (Theme of Astro Guy)
37 The News (Ending)
38 The News (Ending)
3a Cry of Lamentation (Credit Roll)
3c Once Again (Continue)
27 Shout of Losers (Game Over)
22 Entirely Breaker (Theme of Geon)
29 Prayer of Madness (Theme of Woo)
2c Wet Dance (Theme of Poison Ghost)
2f Pyramid Power (Theme of Rocky)
32 Like a Beetle (Theme of Beetle Mania)
35 Ugly Hero (Theme of Astro Guy)
$end
