$title=Mahjong Kyo Retsuden
$samplerate=22050
$pre=07
$stop=03
$start
02 Neo Geo Logo
2c Kitashinchi in Twilight (Title Demo)
22 Name Entry (not on CD)
4d Tookuno Anata (Main Song 1)
55 Hoshinofuru Yoru (Main Song 2)
50 Yi-Pin in a Mountain (Playing BGM 1)
2a Haneman Blues (Playing BGM 2)
2b Hissatsu! Tubamegaeshi (Playing BGM 3)
25 Tsumottekoiyo! (BGM after Reach)
24 Wakou (Win)
47 Reminiscenece (Ending)
21 Continue (not on CD)
23 Game Over (not on CD)
27 Tookuno Anata (Main Song 1 - instrumental)
26 Tookuno Anata (Main Song 1 - instrumental)
51 Tookuno Anata (Main Song 1)
52 Tookuno Anata (Main Song 1)
4f Tookuno Anata (Main Song 1)
29 Hoshinofuru Yoru (Main Song 2 - instrumental)
28 Hoshinofuru Yoru (Main Song 2 - instrumental)
53 Hoshinofuru Yoru (Main Song 2)
54 Hoshinofuru Yoru (Main Song 2)
56 Hoshinofuru Yoru (Main Song 2)
46 Reminiscenece (Ending)
41 Unused Song
40 Unused Song
$end
