$title=Matrimelee
$samplerate=22050
$pre=07
$stop=03
$start
3a Matrimelee (Opening Demo)
2c Mijicon Rock (Start Screen)
31 Haiii! (Player Select)
32 Face Off! (VS Screen)
25 Vernal Fighters
24 Let's Go! Onmyouji
22 Tiny Happiness
2d Tokimeki Overclock
23 1000lb
21 OUR SECRETS
2f Kanenaijaa the Poor Fighter
26 How Jolly the Internet is!
2e Secret Affair "Gouketsuji"
39 Rakugao! (Result)
33 Kick the Door! (In front of the waiting room)
27 Delight! (Waiting Room Battle 1)
28 Anger! (Waiting Room Battle 2)
29 Sorrow! (Waiting Room Battle 3)
2a Heavy! (Waiting Room Battle 4)
30 Sissy Coming out demo
2b Matrimelee March (Final Boss Stage)
37 Respective Matrimelees (Ending)
3b Matrimelee Unplugged Medley (Credits)
38 I'll f--k ya up! (Join)
34 D'ya continue!? (Continue)
35 It's Over! (Normal Game Over)
36 All Over! (Completed, Game Over)
3c Voice Maniacs (Credits for Korea)
$end
