$title=Sengoku
$samplerate=22050
$pre=07
$stop=03
$start
02 Neo Geo Logo
3a Introduction
24 Wild Beat
27 Right Hand and Clutches
25 Hitoyogiri
26 Mugen Noh 1
35 Mandala
2e Prajna
28 Mundanity
29 War Drum
2a Mugen Noh 2
23 Present World
33 Tachikaze
2b Kickoff Rally
48 Desolation
49 Demon's Dance
46 Evil Personifed
2d Shinki
4c Acheron
2f Ketsubon
4b Big Castle
4a Dark Spirit
47 Yaiba
4d Up and Down
55 Ascension
51 Shiten
4e Demon
4f Ashura
54 Demise
53 Closing Chapter
39 The End
3a Introduction (Console Version)
2b Kickoff Rally (Console Version)
21 Unused
$end
