$title=Spin Master
$samplerate=22050
$pre=07
$stop=03
$start
5f Neo Geo Logo
2a Here It Comes (Opening)
22 Got to Go! (Theme of America)
23 I'm Strong! (Boss 1)
24 Relieved (Clear)
28 Coffee Break (Intermission)
27 It's Hot to Melt (Theme of Egypt 1)
40 Let's Go by Trolley (Theme of Egypt 2)
25 Ni Hao China (Theme of China 1)
26 The Stream of 3000 Year Chinse History (Theme of China 2)
30 Jungle King *** (Theme of Amazon)
41 It's Dark, Narrow and Scary! (Theme of Amazon 2)
2e I'll Mess Up You (Boss 2)
2b Song of Hercules (Theme of Greek 1)
2c We're Going Up (Theme of Greek 2)
2f Sayonara (Ending)
2d Staff Guys (Credits)
29 I'm Missing You (Game Over)
$end
