$title=Waku Waku 7
$samplerate=22050
$pre=07
$stop=03
$start
5f Neo Geo Logo
21 Waku Waku 7 Opening
22 Waku Waku Battle-ze!
5d VS
24 Rai's Stage Opening
25 Go Fight ! Venturous Kid, Rai
2b Politank-Z's Stage Opening
2c Go! Go! Politank-Z
31 Arina's Stage Opening
32 Waku Waku doesn't Stop
38 Mauru's Stage Opening
39 Forest of Memories
58 Winning Theme
59 Losing Theme
51 Bonus Stage Opening
52 Let off Sweetly
57 Challenger Appeared !
3e Dandy-J's Stage Opening
3f The Sun Also Sets
45 Tesse's Stage Opening
46 Dream Waltz
49 Slash's Stage Opening
4a Portraint of Fate
53 Relief
4e Fernadez's Stage Opening
50 Prologue of Death
55 Fairy 
27 Rai's Ending 1
29 Rai's Ending 2
2e Politank-Z's Ending 1
2f Politank-Z's Ending 2
35 Arina's Ending 1
36 Arina's Ending 2
3b Mauru's Ending 1
3d Mauru's Ending 2
41 Dandy-J's Ending 1
43 Dandy-J's Ending 2
48 Tesse's Ending 
4b Slash's Ending 1
4c Slash's Ending 2
5e Credits
5a Continue
5b Game Over 1
5c Game Over 2
34 Game Over 3
$end
